<?xml version="1.0" encoding="UTF-8"?>
<!-- Generated by org.testng.reporters.JUnitXMLReporter -->
<testsuite ignored="0" hostname="Sharlyn" failures="1" tests="1" name="Surefire test" time="32.301" errors="0" timestamp="2023-11-09T00:52:39 PST">
  <testcase classname="io.cucumber.testng.AbstractTestNGCucumberTests" name="runScenario" time="31.493">
    <failure type="java.lang.AssertionError" message="expected [Incorrect email or password.] but found [Incorrect email password.]">
      <![CDATA[java.lang.AssertionError: expected [Incorrect email or password.] but found [Incorrect email password.]
at sharlynzarate.stepdefinitions.StepDefinitionImplementation.something_message_is_displayed(StepDefinitionImplementation.java:66)
at âœ½."Incorrect email password." message is displayed(file:///D:/Automation/Selenium/eclipse-workspace/SeleniumFrameworkDesign/src/test/java/cucumber/ErrorValidations.feature:9)
... Removed 6 stack frames]]>
    </failure>
  </testcase> <!-- runScenario -->
</testsuite> <!-- Surefire test -->
