<?xml version="1.0" encoding="UTF-8"?>
<!-- Generated by org.testng.reporters.JUnitXMLReporter -->
<testsuite ignored="0" hostname="Sharlyn" failures="1" tests="4" name="Error Validations Test" time="57.932" errors="0" timestamp="2023-11-07T13:25:03 PST">
  <testcase classname="sharlynzarate.tests.ErrorValidationsTest" name="loginErrorValidation" time="0.611">
    <skipped/>
  </testcase> <!-- loginErrorValidation -->
  <testcase classname="sharlynzarate.tests.ErrorValidationsTest" name="loginErrorValidation" time="0.443">
    <skipped/>
  </testcase> <!-- loginErrorValidation -->
  <testcase classname="sharlynzarate.tests.ErrorValidationsTest" name="loginErrorValidation" time="0.531">
    <failure type="java.lang.AssertionError" message="expected [Incorrect email or password.] but found [Incorrect email password.]">
      <![CDATA[java.lang.AssertionError: expected [Incorrect email or password.] but found [Incorrect email password.]
at sharlynzarate.tests.ErrorValidationsTest.loginErrorValidation(ErrorValidationsTest.java:20)
at java.base/java.util.ArrayList.forEach(ArrayList.java:1511)
at java.base/java.util.concurrent.FutureTask.run(FutureTask.java:317)
at java.base/java.util.concurrent.ThreadPoolExecutor.runWorker(ThreadPoolExecutor.java:1144)
at java.base/java.util.concurrent.ThreadPoolExecutor$Worker.run(ThreadPoolExecutor.java:642)
at java.base/java.lang.Thread.run(Thread.java:1623)
... Removed 21 stack frames]]>
    </failure>
  </testcase> <!-- loginErrorValidation -->
  <testcase classname="sharlynzarate.tests.ErrorValidationsTest" name="productErrorValidation" time="33.629"/>
</testsuite> <!-- Error Validations Test -->
