<?xml version="1.0" encoding="UTF-8"?>
<!-- Generated by org.testng.reporters.JUnitReportReporter -->
<testsuite hostname="Sharlyn" failures="1" tests="1" name="cucumber.TestNGTestRunner" time="31.493" errors="0" timestamp="2023-11-09T00:52:40 PST" skipped="0">
  <testcase classname="cucumber.TestNGTestRunner" name="runScenario" time="31.493">
    <failure message="expected [Incorrect email or password.] but found [Incorrect email password.]" type="java.lang.AssertionError">
      <![CDATA[java.lang.AssertionError: expected [Incorrect email or password.] but found [Incorrect email password.]
at org.testng.Assert.fail(Assert.java:111)
at org.testng.Assert.failNotEquals(Assert.java:1578)
at org.testng.Assert.assertEqualsImpl(Assert.java:150)
at org.testng.Assert.assertEquals(Assert.java:132)
at org.testng.Assert.assertEquals(Assert.java:656)
at org.testng.Assert.assertEquals(Assert.java:666)
at sharlynzarate.stepdefinitions.StepDefinitionImplementation.something_message_is_displayed(StepDefinitionImplementation.java:66)
at âœ½."Incorrect email password." message is displayed(file:///D:/Automation/Selenium/eclipse-workspace/SeleniumFrameworkDesign/src/test/java/cucumber/ErrorValidations.feature:9)
]]>
    </failure>
  </testcase> <!-- runScenario -->
</testsuite> <!-- cucumber.TestNGTestRunner -->
